0 info it worked if it ends with ok
1 verbose cli [ 'node', '/usr/local/bin/npm', 'publish' ]
2 info using npm@1.3.8
3 info using node@v0.10.17
4 verbose publish [ '.' ]
5 verbose cache add [ '.', null ]
6 verbose cache add name=undefined spec="." args=[".",null]
7 verbose parsed url { protocol: null,
7 verbose parsed url   slashes: null,
7 verbose parsed url   auth: null,
7 verbose parsed url   host: null,
7 verbose parsed url   port: null,
7 verbose parsed url   hostname: null,
7 verbose parsed url   hash: null,
7 verbose parsed url   search: null,
7 verbose parsed url   query: null,
7 verbose parsed url   pathname: '.',
7 verbose parsed url   path: '.',
7 verbose parsed url   href: '.' }
8 silly lockFile 3a52ce78- .
9 verbose lock . /Users/sondrek/.npm/3a52ce78-.lock
10 verbose tar pack [ '/var/folders/gv/bpgc9_l91ll256brx919vp45zdfsxj/T/npm-32507-sGYsv_B0/1404401141671-0.9569403920322657/tmp.tgz',
10 verbose tar pack   '.' ]
11 verbose tarball /var/folders/gv/bpgc9_l91ll256brx919vp45zdfsxj/T/npm-32507-sGYsv_B0/1404401141671-0.9569403920322657/tmp.tgz
12 verbose folder .
13 silly lockFile 1f1177db-tar tar://.
14 verbose lock tar://. /Users/sondrek/.npm/1f1177db-tar.lock
15 silly lockFile 05399a78-41671-0-9569403920322657-tmp-tgz tar:///var/folders/gv/bpgc9_l91ll256brx919vp45zdfsxj/T/npm-32507-sGYsv_B0/1404401141671-0.9569403920322657/tmp.tgz
16 verbose lock tar:///var/folders/gv/bpgc9_l91ll256brx919vp45zdfsxj/T/npm-32507-sGYsv_B0/1404401141671-0.9569403920322657/tmp.tgz /Users/sondrek/.npm/05399a78-41671-0-9569403920322657-tmp-tgz.lock
17 silly lockFile 1f1177db-tar tar://.
18 silly lockFile 1f1177db-tar tar://.
19 silly lockFile 05399a78-41671-0-9569403920322657-tmp-tgz tar:///var/folders/gv/bpgc9_l91ll256brx919vp45zdfsxj/T/npm-32507-sGYsv_B0/1404401141671-0.9569403920322657/tmp.tgz
20 silly lockFile 05399a78-41671-0-9569403920322657-tmp-tgz tar:///var/folders/gv/bpgc9_l91ll256brx919vp45zdfsxj/T/npm-32507-sGYsv_B0/1404401141671-0.9569403920322657/tmp.tgz
21 verbose tar unpack /var/folders/gv/bpgc9_l91ll256brx919vp45zdfsxj/T/npm-32507-sGYsv_B0/1404401141671-0.9569403920322657/tmp.tgz
22 silly lockFile 1d47f34f-41671-0-9569403920322657-package tar:///var/folders/gv/bpgc9_l91ll256brx919vp45zdfsxj/T/npm-32507-sGYsv_B0/1404401141671-0.9569403920322657/package
23 verbose lock tar:///var/folders/gv/bpgc9_l91ll256brx919vp45zdfsxj/T/npm-32507-sGYsv_B0/1404401141671-0.9569403920322657/package /Users/sondrek/.npm/1d47f34f-41671-0-9569403920322657-package.lock
24 silly lockFile 05399a78-41671-0-9569403920322657-tmp-tgz tar:///var/folders/gv/bpgc9_l91ll256brx919vp45zdfsxj/T/npm-32507-sGYsv_B0/1404401141671-0.9569403920322657/tmp.tgz
25 verbose lock tar:///var/folders/gv/bpgc9_l91ll256brx919vp45zdfsxj/T/npm-32507-sGYsv_B0/1404401141671-0.9569403920322657/tmp.tgz /Users/sondrek/.npm/05399a78-41671-0-9569403920322657-tmp-tgz.lock
26 silly gunzTarPerm modes [ '755', '644' ]
27 silly gunzTarPerm extractEntry package.json
28 silly gunzTarPerm extractEntry .npmignore
29 silly gunzTarPerm extractEntry Honesthash.js
30 silly gunzTarPerm extractEntry Samples.js
31 silly gunzTarPerm extractEntry _benchmark.md
32 silly gunzTarPerm extractEntry _licence.md
33 silly gunzTarPerm extractEntry readme.md
34 silly lockFile 1d47f34f-41671-0-9569403920322657-package tar:///var/folders/gv/bpgc9_l91ll256brx919vp45zdfsxj/T/npm-32507-sGYsv_B0/1404401141671-0.9569403920322657/package
35 silly lockFile 1d47f34f-41671-0-9569403920322657-package tar:///var/folders/gv/bpgc9_l91ll256brx919vp45zdfsxj/T/npm-32507-sGYsv_B0/1404401141671-0.9569403920322657/package
36 silly lockFile 05399a78-41671-0-9569403920322657-tmp-tgz tar:///var/folders/gv/bpgc9_l91ll256brx919vp45zdfsxj/T/npm-32507-sGYsv_B0/1404401141671-0.9569403920322657/tmp.tgz
37 silly lockFile 05399a78-41671-0-9569403920322657-tmp-tgz tar:///var/folders/gv/bpgc9_l91ll256brx919vp45zdfsxj/T/npm-32507-sGYsv_B0/1404401141671-0.9569403920322657/tmp.tgz
38 verbose tar pack [ '/Users/sondrek/.npm/honesthash/0.1.4/package.tgz',
38 verbose tar pack   '/var/folders/gv/bpgc9_l91ll256brx919vp45zdfsxj/T/npm-32507-sGYsv_B0/1404401141671-0.9569403920322657/package' ]
39 verbose tarball /Users/sondrek/.npm/honesthash/0.1.4/package.tgz
40 verbose folder /var/folders/gv/bpgc9_l91ll256brx919vp45zdfsxj/T/npm-32507-sGYsv_B0/1404401141671-0.9569403920322657/package
41 silly lockFile 1d47f34f-41671-0-9569403920322657-package tar:///var/folders/gv/bpgc9_l91ll256brx919vp45zdfsxj/T/npm-32507-sGYsv_B0/1404401141671-0.9569403920322657/package
42 verbose lock tar:///var/folders/gv/bpgc9_l91ll256brx919vp45zdfsxj/T/npm-32507-sGYsv_B0/1404401141671-0.9569403920322657/package /Users/sondrek/.npm/1d47f34f-41671-0-9569403920322657-package.lock
43 silly lockFile 8dd274a6-npm-honesthash-0-1-4-package-tgz tar:///Users/sondrek/.npm/honesthash/0.1.4/package.tgz
44 verbose lock tar:///Users/sondrek/.npm/honesthash/0.1.4/package.tgz /Users/sondrek/.npm/8dd274a6-npm-honesthash-0-1-4-package-tgz.lock
45 silly lockFile 1d47f34f-41671-0-9569403920322657-package tar:///var/folders/gv/bpgc9_l91ll256brx919vp45zdfsxj/T/npm-32507-sGYsv_B0/1404401141671-0.9569403920322657/package
46 silly lockFile 1d47f34f-41671-0-9569403920322657-package tar:///var/folders/gv/bpgc9_l91ll256brx919vp45zdfsxj/T/npm-32507-sGYsv_B0/1404401141671-0.9569403920322657/package
47 silly lockFile 8dd274a6-npm-honesthash-0-1-4-package-tgz tar:///Users/sondrek/.npm/honesthash/0.1.4/package.tgz
48 silly lockFile 8dd274a6-npm-honesthash-0-1-4-package-tgz tar:///Users/sondrek/.npm/honesthash/0.1.4/package.tgz
49 silly lockFile 7c4a9198-rek-npm-honesthash-0-1-4-package /Users/sondrek/.npm/honesthash/0.1.4/package
50 verbose lock /Users/sondrek/.npm/honesthash/0.1.4/package /Users/sondrek/.npm/7c4a9198-rek-npm-honesthash-0-1-4-package.lock
51 silly lockFile 7c4a9198-rek-npm-honesthash-0-1-4-package /Users/sondrek/.npm/honesthash/0.1.4/package
52 silly lockFile 7c4a9198-rek-npm-honesthash-0-1-4-package /Users/sondrek/.npm/honesthash/0.1.4/package
53 verbose tar unpack /Users/sondrek/.npm/honesthash/0.1.4/package.tgz
54 silly lockFile b36396ec-rek-npm-honesthash-0-1-4-package tar:///Users/sondrek/.npm/honesthash/0.1.4/package
55 verbose lock tar:///Users/sondrek/.npm/honesthash/0.1.4/package /Users/sondrek/.npm/b36396ec-rek-npm-honesthash-0-1-4-package.lock
56 silly lockFile 8dd274a6-npm-honesthash-0-1-4-package-tgz tar:///Users/sondrek/.npm/honesthash/0.1.4/package.tgz
57 verbose lock tar:///Users/sondrek/.npm/honesthash/0.1.4/package.tgz /Users/sondrek/.npm/8dd274a6-npm-honesthash-0-1-4-package-tgz.lock
58 silly gunzTarPerm modes [ '755', '644' ]
59 silly gunzTarPerm extractEntry package.json
60 silly gunzTarPerm extractEntry .npmignore
61 silly gunzTarPerm extractEntry Honesthash.js
62 silly gunzTarPerm extractEntry Samples.js
63 silly gunzTarPerm extractEntry _benchmark.md
64 silly gunzTarPerm extractEntry _licence.md
65 silly gunzTarPerm extractEntry readme.md
66 silly lockFile b36396ec-rek-npm-honesthash-0-1-4-package tar:///Users/sondrek/.npm/honesthash/0.1.4/package
67 silly lockFile b36396ec-rek-npm-honesthash-0-1-4-package tar:///Users/sondrek/.npm/honesthash/0.1.4/package
68 silly lockFile 8dd274a6-npm-honesthash-0-1-4-package-tgz tar:///Users/sondrek/.npm/honesthash/0.1.4/package.tgz
69 silly lockFile 8dd274a6-npm-honesthash-0-1-4-package-tgz tar:///Users/sondrek/.npm/honesthash/0.1.4/package.tgz
70 verbose chmod /Users/sondrek/.npm/honesthash/0.1.4/package.tgz 644
71 verbose chown /Users/sondrek/.npm/honesthash/0.1.4/package.tgz [ 2128046001, 488547790 ]
72 silly lockFile 3a52ce78- .
73 silly lockFile 3a52ce78- .
74 silly publish { name: 'honesthash',
74 silly publish   subdomain: 'honesthash',
74 silly publish   main: './Honesthash.js',
74 silly publish   homepage: 'http://ondrek.com/',
74 silly publish   bin: { honesthash: './Honesthash.js' },
74 silly publish   author: { name: 'Samuel Ondrek', url: 'http://github.com/ondrek/' },
74 silly publish   bugs: { url: 'https://github.com/ondrek/honesthash.js/issues/' },
74 silly publish   repository:
74 silly publish    { type: 'git',
74 silly publish      url: 'https://github.com/ondrek/honesthash.js.git' },
74 silly publish   description: 'Fast, secure, salted and short unique hash in Javascript and Node.js',
74 silly publish   keywords:
74 silly publish    [ 'fast',
74 silly publish      'secure',
74 silly publish      'salt',
74 silly publish      'salted',
74 silly publish      'short',
74 silly publish      'uniq',
74 silly publish      'hash',
74 silly publish      'sha512',
74 silly publish      'ripe160',
74 silly publish      'javascript',
74 silly publish      'semantical',
74 silly publish      'nodejs',
74 silly publish      'server',
74 silly publish      'client' ],
74 silly publish   preferGlobal: true,
74 silly publish   version: '0.1.4',
74 silly publish   license: 'MIT',
74 silly publish   engines: { node: '0.10.*' },
74 silly publish   scripts: { test: './Honesthash.js' },
74 silly publish   readme: '# Honesthash.js\n\nFast, secure, salted and short unique hash in Javascript and Node.js\n\n.\n\n.\n\n## How to use\n\n** Longer and nicer **\n\n\tvar hashModule = require("./Honesthash.js");\n\n\tvar developmentEnv = hashModule({\n\t\tloop : 1,\n\t\tsalt : "abcd",\n\t\tlogs : true\n\t});\n\n\tvar unitTestingEnv = hashModule({\n\t\tloop : 1000,\n\t\tsalt : "abcd",\n\t\tlogs : true\n\t});\n\n\tvar productionEnv = hashModule({\n\t\tloop : 10000,\n\t\tsalt : "AMSDLMASLKDMALSDKADMKLASMDKLASD",\n\t\tlogs : false\n\t});\n\n\tconsole.log( developmentEnv.hex("123") );\n\tconsole.log( unitTestingEnv.hex("123") );\n\tconsole.log( productionEnv.hex("123") );\n\n\t// > a465b7e074a149446cbd80d3be041193055cc973\n\t// > 23a292d0891d3135e1f5a5970a15913942b5a6da\n\t// > c6a6e35a624776ad4fd73ce9fc1b2ad2caa7ac3a\n\n\n** Short with options **\n\n\n\tvar result = require("./Honesthash.js")({\n\t\tsalt : "",\n\t\tloop : 15000\n\t}).hex("123");\n\n\tconsole.log(result);\n\t// > e457227529744e2146bdf813e57259f256fd7cdc\n\n** Short without options **\n\n\n\tconsole.log( require("./Honesthash.js")().hex("123") );\n\t// > 1176e5c9188f73a5203656949848c19680ecc062\n\n\n## Options\n\n\t{\n\t\tsalt: "", // your custom hash, can be any string\n\t\tloop: 1, // can be between 1 and 1000000\n\t\tlogs : false // logs everything to console (speed, hash, string)\n\t}\n\n.\n\n.\n\n## Problems\n\n - Hashes are too long, they must be short\n - Hashes do hash only once\n - Hashing time must be optional\n - Hashing must work client-side\n - Hashing only with hashes for-now without collisions\n - Hash must be deployed CDN\n - Hash must be extremely fast if necessary\n - Hash must be open\n\n.\n\n.\n\n## Bechmark\n\nSee **_bechmark.md** file with specification, how to and results of ours benchmark. We benchmarked\niMac 2011 with OS X Yosemite and  Node.js v10.17.\n\n.\n\n.\n\n## Test of the algorithm backward compatibility\n\nTesting of backward compatibility is very important not just for standard US/EU latin charactes,\nbut also for special characters, the cyrillic script, spaces, the greek alphabet and diacritics.\n\n\tvar myHonestHashInstance = new require("Honesthash")();\n\tmyHonestHashInstance.testBackwardCompatibility();\n\t// > "Test passed OK, backward compatibility is fine in all alphabets!"\n\nFor backward compatiblity are tested these strings:\n\n\t"387597980370502395793203798345"\n\t"kjnskjnfiwjiofpfjadnskavjandkj"\n\t"JKDJOIQJIDQMNMSANKNOIQWJQOISJD"\n\t"ΑαΒβΓγΔδΕεΖζΗηΘθΙιΚκΛλΜμΜμΞξΦφ"\n\t"šľéáíáčíéíýžýťľáíľéčáľíšýčľšýá"\n\t"АБВГДЕЖЅZЗИІКЛМНОПҀРСТȢѸФХѾЦЧШ"\n\t"äöüÄÖÜëḧïẅẍÿËḦÏẄẌŸäöüÄÖÜëḧïẅẍÿ"\n\t",./ ;\']= -- `~@!%^^*&*()!_@#^%"\n\n.\n\n.\n\n## Licence\n\n - Can be used on all projects (free for private and commercial use)\n - Use only from the orignal repository (security can be compromised)\n - MIT Licence (full article written in LICENCE.md)\n - Author ~ Samuel Ondrek, twitter.com/ondrek\n\n.\n\n.\n',
74 silly publish   readmeFilename: 'readme.md',
74 silly publish   _id: 'honesthash@0.1.4',
74 silly publish   dist: { shasum: 'cf3f3b9b00901f7265ccd615b41ee2311acddb2a' },
74 silly publish   _from: '.' }
75 verbose url raw honesthash
76 verbose url resolving [ 'https://registry.npmjs.org/', './honesthash' ]
77 verbose url resolved https://registry.npmjs.org/honesthash
78 info trying registry request attempt 1 at 17:25:41
79 http PUT https://registry.npmjs.org/honesthash
80 http 201 https://registry.npmjs.org/honesthash
81 verbose url raw honesthash
82 verbose url resolving [ 'https://registry.npmjs.org/', './honesthash' ]
83 verbose url resolved https://registry.npmjs.org/honesthash
84 info trying registry request attempt 1 at 17:25:42
85 http GET https://registry.npmjs.org/honesthash
86 http 200 https://registry.npmjs.org/honesthash
87 error publish fail Cannot publish over existing version.
87 error publish fail Update the 'version' field in package.json and try again.
87 error publish fail
87 error publish fail If the previous version was published in error, see:
87 error publish fail     npm help unpublish
87 error publish fail
87 error publish fail To automatically increment version numbers, see:
87 error publish fail     npm help version
88 error System Darwin 14.0.0
89 error command "node" "/usr/local/bin/npm" "publish"
90 error cwd /Users/sondrek/Projects/honesthash.js
91 error node -v v0.10.17
92 error npm -v 1.3.8
93 error code EPUBLISHCONFLICT
94 verbose exit [ 1, true ]
